[     942ms] [ERROR] %c%s%c [Server] Failed to fetch payroll runs: background: #e6e6e6;background: light-dark(rgba(0,0,0,0.1), rgba(255,255,255,0.25));color: #000000;color: light-dark(#000000, #ffffff);border-radius: 2px  Server   Error: [object Object]
    at fetchPayrollRunsServer (about://React/Server/file:///Users/felixddhs/VSCODE/REPOS/SEN-CheckIn/apps/web/.next/dev/server/chunks/ssr/_c34683e9._.js?55:1538:22)
    at resolveErrorDev (http://localhost:3001/_next/static/chunks/node_modules_next_dist_compiled_react-server-dom-turbopack_9212ccad._.js:1882:106)
    at getOutlinedModel (http://localhost:3001/_next/static/chunks/node_modules_next_dist_compiled_react-server-dom-turbopack_9212ccad._.js:1434:28)
    at parseModelString (http://localhost:3001/_next/static/chunks/node_modules_next_dist_compiled_react-server-dom-turbopack_9212ccad._.js:1548:50)
    at Object.<anonymous> (http://localhost:3001/_next/static/chunks/node_modules_next_dist_compiled_react-server-dom-turbopack_9212ccad._.js:2475:51)
    at JSON.parse (<anonymous>)
    at initializeModelChunk (http://localhost:3001/_next/static/chunks/node_modules_next_dist_compiled_react-server-dom-turbopack_9212ccad._.js:1053:30)
    at getOutlinedModel (http://localhost:3001/_next/static/chunks/node_modules_next_dist_compiled_react-server-dom-turbopack_9212ccad._.js:1372:17)
    at parseModelString (http://localhost:3001/_next/static/chunks/node_modules_next_dist_compiled_react-server-dom-turbopack_9212ccad._.js:1602:50)
    at Array.<anonymous> (http://localhost:3001/_next/static/chunks/node_modules_next_dist_compiled_react-server-dom-turbopack_9212ccad._.js:2475:51)
    at JSON.parse (<anonymous>)
    at initializeModelChunk (http://localhost:3001/_next/static/chunks/node_modules_next_dist_compiled_react-server-dom-turbopack_9212ccad._.js:1053:30)
    at resolveConsoleEntry (http://localhost:3001/_next/static/chunks/node_modules_next_dist_compiled_react-server-dom-turbopack_9212ccad._.js:2008:96)
    at processFullStringRow (http://localhost:3001/_next/static/chunks/node_modules_next_dist_compiled_react-server-dom-turbopack_9212ccad._.js:2409:17)
    at processFullBinaryRow (http://localhost:3001/_next/static/chunks/node_modules_next_dist_compiled_react-server-dom-turbopack_9212ccad._.js:2349:9)
    at processBinaryChunk (http://localhost:3001/_next/static/chunks/node_modules_next_dist_compiled_react-server-dom-turbopack_9212ccad._.js:2459:98)
    at progress (http://localhost:3001/_next/static/chunks/node_modules_next_dist_compiled_react-server-dom-turbopack_9212ccad._.js:2628:13) @ http://localhost:3001/_next/static/chunks/node_modules_next_dist_7a8122d0._.js:3122
[    1238ms] [ERROR] Failed to load resource: the server responded with a status of 500 (Internal Server Error) @ http://localhost:3001/api/payroll/calculate:0
[    1274ms] [ERROR] Failed to calculate payroll: s: [object Object]
    at http://localhost:3001/_next/static/chunks/node_modules_843fd0b0._.js:16886:61
    at async calculatePayroll (http://localhost:3001/_next/static/chunks/_11e75291._.js:3316:22) Status: 500 @ http://localhost:3001/_next/static/chunks/node_modules_next_dist_7a8122d0._.js:3122
[    2214ms] [ERROR] Failed to load resource: the server responded with a status of 500 (Internal Server Error) @ http://localhost:3001/api/payroll/runs?limit=100&offset=0&organizationId=69060aea-ab1a-43a5-9b40-822ecf58611b:0
[    2221ms] [ERROR] Failed to fetch payroll runs: s: [object Object]
    at http://localhost:3001/_next/static/chunks/node_modules_843fd0b0._.js:16886:61
    at async fetchPayrollRuns (http://localhost:3001/_next/static/chunks/_11e75291._.js:3402:22) Status: 500 @ http://localhost:3001/_next/static/chunks/node_modules_next_dist_7a8122d0._.js:3122
[    2311ms] [ERROR] Failed to load resource: the server responded with a status of 500 (Internal Server Error) @ http://localhost:3001/api/payroll/calculate:0
[    2319ms] [ERROR] Failed to calculate payroll: s: [object Object]
    at http://localhost:3001/_next/static/chunks/node_modules_843fd0b0._.js:16886:61
    at async calculatePayroll (http://localhost:3001/_next/static/chunks/_11e75291._.js:3316:22) Status: 500 @ http://localhost:3001/_next/static/chunks/node_modules_next_dist_7a8122d0._.js:3122
[    4251ms] [ERROR] Failed to load resource: the server responded with a status of 500 (Internal Server Error) @ http://localhost:3001/api/payroll/runs?limit=100&offset=0&organizationId=69060aea-ab1a-43a5-9b40-822ecf58611b:0
[    4259ms] [ERROR] Failed to fetch payroll runs: s: [object Object]
    at http://localhost:3001/_next/static/chunks/node_modules_843fd0b0._.js:16886:61
    at async fetchPayrollRuns (http://localhost:3001/_next/static/chunks/_11e75291._.js:3402:22) Status: 500 @ http://localhost:3001/_next/static/chunks/node_modules_next_dist_7a8122d0._.js:3122
[    4349ms] [ERROR] Failed to load resource: the server responded with a status of 500 (Internal Server Error) @ http://localhost:3001/api/payroll/calculate:0
[    4357ms] [ERROR] Failed to calculate payroll: s: [object Object]
    at http://localhost:3001/_next/static/chunks/node_modules_843fd0b0._.js:16886:61
    at async calculatePayroll (http://localhost:3001/_next/static/chunks/_11e75291._.js:3316:22) Status: 500 @ http://localhost:3001/_next/static/chunks/node_modules_next_dist_7a8122d0._.js:3122
[    8284ms] [ERROR] Failed to load resource: the server responded with a status of 500 (Internal Server Error) @ http://localhost:3001/api/payroll/runs?limit=100&offset=0&organizationId=69060aea-ab1a-43a5-9b40-822ecf58611b:0
[    8292ms] [ERROR] Failed to fetch payroll runs: s: [object Object]
    at http://localhost:3001/_next/static/chunks/node_modules_843fd0b0._.js:16886:61
    at async fetchPayrollRuns (http://localhost:3001/_next/static/chunks/_11e75291._.js:3402:22) Status: 500 @ http://localhost:3001/_next/static/chunks/node_modules_next_dist_7a8122d0._.js:3122
[    8379ms] [ERROR] Failed to load resource: the server responded with a status of 500 (Internal Server Error) @ http://localhost:3001/api/payroll/calculate:0
[    8386ms] [ERROR] Failed to calculate payroll: s: [object Object]
    at http://localhost:3001/_next/static/chunks/node_modules_843fd0b0._.js:16886:61
    at async calculatePayroll (http://localhost:3001/_next/static/chunks/_11e75291._.js:3316:22) Status: 500 @ http://localhost:3001/_next/static/chunks/node_modules_next_dist_7a8122d0._.js:3122
