[     677ms] [ERROR] %c%s%c [Server] Failed to fetch vacation requests: background: #e6e6e6;background: light-dark(rgba(0,0,0,0.1), rgba(255,255,255,0.25));color: #000000;color: light-dark(#000000, #ffffff);border-radius: 2px  Server   Error: [object Object]
    at fetchVacationRequestsListServer (about://React/Server/file:///Users/felixddhs/VSCODE/REPOS/SEN-CheckIn/apps/web/.next/dev/server/chunks/ssr/_c34683e9._.js?66:1881:22)
    at resolveErrorDev (http://localhost:3001/_next/static/chunks/node_modules_next_dist_compiled_react-server-dom-turbopack_9212ccad._.js:1882:106)
    at getOutlinedModel (http://localhost:3001/_next/static/chunks/node_modules_next_dist_compiled_react-server-dom-turbopack_9212ccad._.js:1434:28)
    at parseModelString (http://localhost:3001/_next/static/chunks/node_modules_next_dist_compiled_react-server-dom-turbopack_9212ccad._.js:1548:50)
    at Object.<anonymous> (http://localhost:3001/_next/static/chunks/node_modules_next_dist_compiled_react-server-dom-turbopack_9212ccad._.js:2475:51)
    at JSON.parse (<anonymous>)
    at initializeModelChunk (http://localhost:3001/_next/static/chunks/node_modules_next_dist_compiled_react-server-dom-turbopack_9212ccad._.js:1053:30)
    at getOutlinedModel (http://localhost:3001/_next/static/chunks/node_modules_next_dist_compiled_react-server-dom-turbopack_9212ccad._.js:1372:17)
    at parseModelString (http://localhost:3001/_next/static/chunks/node_modules_next_dist_compiled_react-server-dom-turbopack_9212ccad._.js:1602:50)
    at Array.<anonymous> (http://localhost:3001/_next/static/chunks/node_modules_next_dist_compiled_react-server-dom-turbopack_9212ccad._.js:2475:51)
    at JSON.parse (<anonymous>)
    at initializeModelChunk (http://localhost:3001/_next/static/chunks/node_modules_next_dist_compiled_react-server-dom-turbopack_9212ccad._.js:1053:30)
    at resolveConsoleEntry (http://localhost:3001/_next/static/chunks/node_modules_next_dist_compiled_react-server-dom-turbopack_9212ccad._.js:2008:96)
    at processFullStringRow (http://localhost:3001/_next/static/chunks/node_modules_next_dist_compiled_react-server-dom-turbopack_9212ccad._.js:2409:17)
    at processFullBinaryRow (http://localhost:3001/_next/static/chunks/node_modules_next_dist_compiled_react-server-dom-turbopack_9212ccad._.js:2349:9)
    at processBinaryChunk (http://localhost:3001/_next/static/chunks/node_modules_next_dist_compiled_react-server-dom-turbopack_9212ccad._.js:2459:98)
    at progress (http://localhost:3001/_next/static/chunks/node_modules_next_dist_compiled_react-server-dom-turbopack_9212ccad._.js:2628:13) Status: 403 @ http://localhost:3001/_next/static/chunks/node_modules_next_dist_7a8122d0._.js:3122
[    1879ms] [ERROR] Failed to load resource: the server responded with a status of 403 (Forbidden) @ http://localhost:3001/api/vacations/requests?limit=10&offset=0&organizationId=7c5f19a9-dd14-443d-9201-8698f0e18fce:0
[    1880ms] [ERROR] Failed to fetch vacation requests: s: [object Object]
    at http://localhost:3001/_next/static/chunks/node_modules_6e78d5ad._.js:5370:61
    at async fetchVacationRequestsList (http://localhost:3001/_next/static/chunks/_6e7b122e._.js:2893:22) Status: 403 @ http://localhost:3001/_next/static/chunks/node_modules_next_dist_7a8122d0._.js:3122
[    3896ms] [ERROR] Failed to load resource: the server responded with a status of 403 (Forbidden) @ http://localhost:3001/api/vacations/requests?limit=10&offset=0&organizationId=7c5f19a9-dd14-443d-9201-8698f0e18fce:0
[    3896ms] [ERROR] Failed to fetch vacation requests: s: [object Object]
    at http://localhost:3001/_next/static/chunks/node_modules_6e78d5ad._.js:5370:61
    at async fetchVacationRequestsList (http://localhost:3001/_next/static/chunks/_6e7b122e._.js:2893:22) Status: 403 @ http://localhost:3001/_next/static/chunks/node_modules_next_dist_7a8122d0._.js:3122
[    7914ms] [ERROR] Failed to load resource: the server responded with a status of 403 (Forbidden) @ http://localhost:3001/api/vacations/requests?limit=10&offset=0&organizationId=7c5f19a9-dd14-443d-9201-8698f0e18fce:0
[    7915ms] [ERROR] Failed to fetch vacation requests: s: [object Object]
    at http://localhost:3001/_next/static/chunks/node_modules_6e78d5ad._.js:5370:61
    at async fetchVacationRequestsList (http://localhost:3001/_next/static/chunks/_6e7b122e._.js:2893:22) Status: 403 @ http://localhost:3001/_next/static/chunks/node_modules_next_dist_7a8122d0._.js:3122
