[     621ms] Error: Hydration failed because the server rendered text didn't match the client. As a result this tree will be regenerated on the client. This can happen if a SSR-ed Client Component used:

- A server/client branch `if (typeof window !== 'undefined')`.
- Variable input such as `Date.now()` or `Math.random()` which changes each time it's called.
- Date formatting in a user's locale which doesn't match the server.
- External changing data without sending a snapshot of it along with the HTML.
- Invalid HTML tag nesting.

It can also happen if the client has a browser extension installed which messes with the HTML before React loaded.

https://react.dev/link/hydration-mismatch

  ...
    <SegmentViewNode type="page" pagePath="/apps/web/...">
      <SegmentTrieNode>
      <DisciplinaryMeasuresPage>
        <HydrationBoundary state={{...}}>
          <OrgProvider value={{...}}>
            <DisciplinaryMeasuresPageClient>
              <div className="space-y-4">
                <div>
                <DisciplinaryMeasuresManager>
                  <div className="space-y-4">
                    <div className="grid gap-3...">
                      <Card className="border-amb...">
                        <div data-slot="card" className="text-card-...">
                          <CardContent className="flex items...">
                            <div data-slot="card-content" className="flex items...">
                              <div>
                                <p>
                                <p className="text-2xl font-semibold">
+                                 3
-                                 0
                              ...
                      ...
                    ...
    ...

    at throwOnHydrationMismatch (http://localhost:3001/_next/static/chunks/node_modules_next_dist_compiled_react-dom_1e674e59._.js:3342:56)
    at prepareToHydrateHostInstance (http://localhost:3001/_next/static/chunks/node_modules_next_dist_compiled_react-dom_1e674e59._.js:3396:23)
    at completeWork (http://localhost:3001/_next/static/chunks/node_modules_next_dist_compiled_react-dom_1e674e59._.js:6928:60)
    at runWithFiberInDEV (http://localhost:3001/_next/static/chunks/node_modules_next_dist_compiled_react-dom_1e674e59._.js:959:74)
    at completeUnitOfWork (http://localhost:3001/_next/static/chunks/node_modules_next_dist_compiled_react-dom_1e674e59._.js:9621:23)
    at performUnitOfWork (http://localhost:3001/_next/static/chunks/node_modules_next_dist_compiled_react-dom_1e674e59._.js:9558:28)
    at workLoopConcurrentByScheduler (http://localhost:3001/_next/static/chunks/node_modules_next_dist_compiled_react-dom_1e674e59._.js:9552:58)
    at renderRootConcurrent (http://localhost:3001/_next/static/chunks/node_modules_next_dist_compiled_react-dom_1e674e59._.js:9535:71)
    at performWorkOnRoot (http://localhost:3001/_next/static/chunks/node_modules_next_dist_compiled_react-dom_1e674e59._.js:9062:150)
    at performWorkOnRootViaSchedulerTask (http://localhost:3001/_next/static/chunks/node_modules_next_dist_compiled_react-dom_1e674e59._.js:10224:9)
    at MessagePort.performWorkUntilDeadline (http://localhost:3001/_next/static/chunks/node_modules_next_dist_compiled_a0e4c7b4._.js:2647:64)
[  585171ms] [WARNING] [Fast Refresh] performing full reload

Fast Refresh will perform a full reload when you edit a file that's imported by modules outside of the React rendering tree.
You might have a file which exports a React component but also exports a value that is imported by a non-React component file.
Consider migrating the non-React component export to a separate file and importing it into both files.

It is also possible the parent component of the component you edited is a class component, which disables Fast Refresh.
Fast Refresh requires at least one parent function component in your React tree. @ http://localhost:3001/_next/static/chunks/node_modules_next_dist_7a8122d0._.js:2292
[  586651ms] Error: Hydration failed because the server rendered text didn't match the client. As a result this tree will be regenerated on the client. This can happen if a SSR-ed Client Component used:

- A server/client branch `if (typeof window !== 'undefined')`.
- Variable input such as `Date.now()` or `Math.random()` which changes each time it's called.
- Date formatting in a user's locale which doesn't match the server.
- External changing data without sending a snapshot of it along with the HTML.
- Invalid HTML tag nesting.

It can also happen if the client has a browser extension installed which messes with the HTML before React loaded.

https://react.dev/link/hydration-mismatch

  ...
    <main data-slot="sidebar-inset" className="bg-backgro...">
      ...
        <MenuProvider scope={{Menu:[...], ...}} onClose={function Menu.useCallback} isUsingKeyboardRef={{current:false}} ...>
          <DropdownMenuTrigger asChild={true}>
            <DropdownMenuTrigger data-slot="dropdown-m..." asChild={true}>
              <MenuAnchor asChild={true} __scopeMenu={{Menu:[...], ...}}>
                <PopperAnchor __scopePopper={{Menu:[...], ...}} asChild={true} ref={null}>
                  <Primitive.div asChild={true} ref={function}>
                    <Primitive.div.Slot ref={function}>
                      <Primitive.div.SlotClone ref={function}>
                        <Primitive.button type="button" id="radix-_R_r..." aria-haspopup="menu" aria-expanded={false} ...>
                          <Primitive.button.Slot type="button" id="radix-_R_r..." aria-haspopup="menu" ...>
                            <Primitive.button.SlotClone type="button" id="radix-_R_r..." aria-haspopup="menu" ...>
                              <Button variant="ghost" size="icon" className="relative h..." aria-label="Cambiar tema" ...>
                                <button
                                  data-slot="dropdown-menu-trigger"
                                  className={"inline-flex items-center justify-center gap-2 whitespace-nowrap text-sm..."}
                                  aria-label="Cambiar tema"
                                  type="button"
+                                 id="radix-_R_r9eqqlb_"
-                                 id="radix-_R_3d9eqqlb_"
                                  aria-haspopup="menu"
                                  aria-expanded={false}
                                  aria-controls={undefined}
                                  data-state="closed"
                                  data-disabled={undefined}
                                  disabled={false}
                                  onPointerDown={function handleEvent}
                                  onKeyDown={function handleEvent}
                                  ref={function}
                                >
          ...
      ...
        <DisciplinaryMeasuresPage>
          <HydrationBoundary state={{...}}>
            ...
              <DisciplinaryMeasuresPageClient>
                <div className="space-y-4">
                  <ResponsivePageHeader>
                  <DisciplinaryMeasuresManager>
                    <div className="space-y-4">
                      <div data-testid="disciplina..." className="flex gap-3...">
                        <Card className="min-w-[140...">
                          <div data-slot="card" className="text-card-...">
                            <CardContent className="flex items...">
                              <div data-slot="card-content" className="flex items...">
                                <div>
                                  <p>
                                  <p className="text-2xl font-semibold">
+                                   3
-                                   0
                                ...
                        ...
                      ...

    at throwOnHydrationMismatch (http://localhost:3001/_next/static/chunks/node_modules_next_dist_compiled_react-dom_1e674e59._.js:3342:56)
    at prepareToHydrateHostInstance (http://localhost:3001/_next/static/chunks/node_modules_next_dist_compiled_react-dom_1e674e59._.js:3396:23)
    at completeWork (http://localhost:3001/_next/static/chunks/node_modules_next_dist_compiled_react-dom_1e674e59._.js:6928:60)
    at runWithFiberInDEV (http://localhost:3001/_next/static/chunks/node_modules_next_dist_compiled_react-dom_1e674e59._.js:959:74)
    at completeUnitOfWork (http://localhost:3001/_next/static/chunks/node_modules_next_dist_compiled_react-dom_1e674e59._.js:9621:23)
    at performUnitOfWork (http://localhost:3001/_next/static/chunks/node_modules_next_dist_compiled_react-dom_1e674e59._.js:9558:28)
    at workLoopConcurrentByScheduler (http://localhost:3001/_next/static/chunks/node_modules_next_dist_compiled_react-dom_1e674e59._.js:9552:58)
    at renderRootConcurrent (http://localhost:3001/_next/static/chunks/node_modules_next_dist_compiled_react-dom_1e674e59._.js:9535:71)
    at performWorkOnRoot (http://localhost:3001/_next/static/chunks/node_modules_next_dist_compiled_react-dom_1e674e59._.js:9062:150)
    at performWorkOnRootViaSchedulerTask (http://localhost:3001/_next/static/chunks/node_modules_next_dist_compiled_react-dom_1e674e59._.js:10224:9)
    at MessagePort.performWorkUntilDeadline (http://localhost:3001/_next/static/chunks/node_modules_next_dist_compiled_a0e4c7b4._.js:2647:64)
[  622117ms] [WARNING] [Fast Refresh] performing full reload

Fast Refresh will perform a full reload when you edit a file that's imported by modules outside of the React rendering tree.
You might have a file which exports a React component but also exports a value that is imported by a non-React component file.
Consider migrating the non-React component export to a separate file and importing it into both files.

It is also possible the parent component of the component you edited is a class component, which disables Fast Refresh.
Fast Refresh requires at least one parent function component in your React tree. @ http://localhost:3001/_next/static/chunks/node_modules_next_dist_7a8122d0._.js:2292
[  623304ms] Error: Hydration failed because the server rendered text didn't match the client. As a result this tree will be regenerated on the client. This can happen if a SSR-ed Client Component used:

- A server/client branch `if (typeof window !== 'undefined')`.
- Variable input such as `Date.now()` or `Math.random()` which changes each time it's called.
- Date formatting in a user's locale which doesn't match the server.
- External changing data without sending a snapshot of it along with the HTML.
- Invalid HTML tag nesting.

It can also happen if the client has a browser extension installed which messes with the HTML before React loaded.

https://react.dev/link/hydration-mismatch

  ...
    <SegmentViewNode type="page" pagePath="/apps/web/...">
      <SegmentTrieNode>
      <DisciplinaryMeasuresPage>
        <HydrationBoundary state={{...}}>
          <OrgProvider value={{...}}>
            <DisciplinaryMeasuresPageClient>
              <div className="space-y-4">
                <ResponsivePageHeader>
                <DisciplinaryMeasuresManager>
                  <div className="space-y-4">
                    <div data-testid="disciplina..." className="flex gap-3...">
                      <Card className="min-w-[140...">
                        <div data-slot="card" className="text-card-...">
                          <CardContent className="flex items...">
                            <div data-slot="card-content" className="flex items...">
                              <div>
                                <p>
                                <p className="text-2xl font-semibold">
+                                 3
-                                 0
                              ...
                      ...
                    ...
    ...

    at throwOnHydrationMismatch (http://localhost:3001/_next/static/chunks/node_modules_next_dist_compiled_react-dom_1e674e59._.js:3342:56)
    at prepareToHydrateHostInstance (http://localhost:3001/_next/static/chunks/node_modules_next_dist_compiled_react-dom_1e674e59._.js:3396:23)
    at completeWork (http://localhost:3001/_next/static/chunks/node_modules_next_dist_compiled_react-dom_1e674e59._.js:6928:60)
    at runWithFiberInDEV (http://localhost:3001/_next/static/chunks/node_modules_next_dist_compiled_react-dom_1e674e59._.js:959:74)
    at completeUnitOfWork (http://localhost:3001/_next/static/chunks/node_modules_next_dist_compiled_react-dom_1e674e59._.js:9621:23)
    at performUnitOfWork (http://localhost:3001/_next/static/chunks/node_modules_next_dist_compiled_react-dom_1e674e59._.js:9558:28)
    at workLoopConcurrentByScheduler (http://localhost:3001/_next/static/chunks/node_modules_next_dist_compiled_react-dom_1e674e59._.js:9552:58)
    at renderRootConcurrent (http://localhost:3001/_next/static/chunks/node_modules_next_dist_compiled_react-dom_1e674e59._.js:9535:71)
    at performWorkOnRoot (http://localhost:3001/_next/static/chunks/node_modules_next_dist_compiled_react-dom_1e674e59._.js:9062:150)
    at performWorkOnRootViaSchedulerTask (http://localhost:3001/_next/static/chunks/node_modules_next_dist_compiled_react-dom_1e674e59._.js:10224:9)
    at MessagePort.performWorkUntilDeadline (http://localhost:3001/_next/static/chunks/node_modules_next_dist_compiled_a0e4c7b4._.js:2647:64)
