[     806ms] [ERROR] A tree hydrated but some attributes of the server rendered HTML didn't match the client properties. This won't be patched up. This can happen if a SSR-ed Client Component used:

- A server/client branch `if (typeof window !== 'undefined')`.
- Variable input such as `Date.now()` or `Math.random()` which changes each time it's called.
- Date formatting in a user's locale which doesn't match the server.
- External changing data without sending a snapshot of it along with the HTML.
- Invalid HTML tag nesting.

It can also happen if the client has a browser extension installed which messes with the HTML before React loaded.

%s%s https://react.dev/link/hydration-mismatch 

  ...
    <div className="flex gap-4..." style={undefined}>
      <Nav>
      <Month data-animated-month={undefined} className="flex flex-..." style={undefined} displayIndex={0} ...>
        <div data-animated-month={undefined} className="flex flex-..." style={undefined}>
          <MonthCaption>
          <MonthGrid role="grid" aria-multiselectable={false} aria-label="January 2026" className="rdp-month_..." ...>
            <table role="grid" aria-multiselectable={false} aria-label="January 2026" className="rdp-month_..." ...>
              <Weekdays>
              <Weeks data-animated-weeks={undefined} className="rdp-weeks" style={undefined}>
                <tbody data-animated-weeks={undefined} className="rdp-weeks" style={undefined}>
                  <Week className="flex w-ful..." style={undefined} week={{days:[...], ...}}>
                    <tr className="flex w-ful..." style={undefined}>
                      <Day day={{date:Date, ...}} modifiers={{focused:false, ...}} className={"relative..."} style={{}} ...>
                        <td className={"relative..."} style={{}} role="gridcell" aria-selected={undefined} ...>
                          <CalendarDayButton className="rdp-day_bu..." style={undefined} type="button" ...>
                            <Button ref={{current:null}} variant="ghost" size="icon" data-day="28/12/2025" ...>
                              <button
                                data-slot="button"
                                className={"items-center justify-center whitespace-nowrap rounded-md text-sm transiti..."}
                                ref={{current:null}}
+                               data-day="28/12/2025"
-                               data-day="12/28/2025"
                                data-selected-single={undefined}
                                data-range-start={undefined}
                                data-range-end={undefined}
                                data-range-middle={undefined}
                                style={undefined}
                                type="button"
                                disabled={undefined}
                                aria-disabled={undefined}
                                tabIndex={-1}
                                aria-label="Sunday, December 28th, 2025"
                                onClick={function DayPicker.useCallback[handleDayClick]}
                                onBlur={function DayPicker.useCallback[handleDayBlur]}
                                onFocus={function DayPicker.useCallback[handleDayFocus]}
                                onKeyDown={function DayPicker.useCallback[handleDayKeyDown]}
                                onMouseEnter={function DayPicker.useCallback[handleDayMouseEnter]}
                                onMouseLeave={function DayPicker.useCallback[handleDayMouseLeave]}
                              >
+                               28
                      <Day day={{date:Date, ...}} modifiers={{focused:false, ...}} className={"relative..."} style={{}} ...>
                        <td className={"relative..."} style={{}} role="gridcell" aria-selected={undefined} ...>
                          <CalendarDayButton className="rdp-day_bu..." style={undefined} type="button" ...>
                            <Button ref={{current:null}} variant="ghost" size="icon" data-day="29/12/2025" ...>
                              <button
                                data-slot="button"
                                className={"items-center justify-center whitespace-nowrap rounded-md text-sm transiti..."}
                                ref={{current:null}}
+                               data-day="29/12/2025"
-                               data-day="12/29/2025"
                                data-selected-single={undefined}
                                data-range-start={undefined}
                                data-range-end={undefined}
                                data-range-middle={undefined}
                                style={undefined}
                                type="button"
                                disabled={undefined}
                                aria-disabled={undefined}
                                tabIndex={-1}
                                aria-label="Monday, December 29th, 2025"
                                onClick={function DayPicker.useCallback[handleDayClick]}
                                onBlur={function DayPicker.useCallback[handleDayBlur]}
                                onFocus={function DayPicker.useCallback[handleDayFocus]}
                                onKeyDown={function DayPicker.useCallback[handleDayKeyDown]}
                                onMouseEnter={function DayPicker.useCallback[handleDayMouseEnter]}
                                onMouseLeave={function DayPicker.useCallback[handleDayMouseLeave]}
                              >
+                               29
                      <Day day={{date:Date, ...}} modifiers={{focused:false, ...}} className={"relative..."} style={{}} ...>
                        <td className={"relative..."} style={{}} role="gridcell" aria-selected={undefined} ...>
                          <CalendarDayButton className="rdp-day_bu..." style={undefined} type="button" ...>
                            <Button ref={{current:null}} variant="ghost" size="icon" data-day="30/12/2025" ...>
                              <button
                                data-slot="button"
                                className={"items-center justify-center whitespace-nowrap rounded-md text-sm transiti..."}
                                ref={{current:null}}
+                               data-day="30/12/2025"
-                               data-day="12/30/2025"
                                data-selected-single={undefined}
                                data-range-start={undefined}
                                data-range-end={undefined}
                                data-range-middle={undefined}
                                style={undefined}
                                type="button"
                                disabled={undefined}
                                aria-disabled={undefined}
                                tabIndex={-1}
                                aria-label="Tuesday, December 30th, 2025"
                                onClick={function DayPicker.useCallback[handleDayClick]}
                                onBlur={function DayPicker.useCallback[handleDayBlur]}
                                onFocus={function DayPicker.useCallback[handleDayFocus]}
                                onKeyDown={function DayPicker.useCallback[handleDayKeyDown]}
                                onMouseEnter={function DayPicker.useCallback[handleDayMouseEnter]}
                                onMouseLeave={function DayPicker.useCallback[handleDayMouseLeave]}
                              >
+                               30
                      <Day day={{date:Date, ...}} modifiers={{focused:false, ...}} className={"relative..."} style={{}} ...>
                        <td className={"relative..."} style={{}} role="gridcell" aria-selected={undefined} ...>
                          <CalendarDayButton className="rdp-day_bu..." style={undefined} type="button" ...>
                            <Button ref={{current:null}} variant="ghost" size="icon" data-day="31/12/2025" ...>
                              <button
                                data-slot="button"
                                className={"items-center justify-center whitespace-nowrap rounded-md text-sm transiti..."}
                                ref={{current:null}}
+                               data-day="31/12/2025"
-                               data-day="12/31/2025"
                                data-selected-single={undefined}
                                data-range-start={undefined}
                                data-range-end={undefined}
                                data-range-middle={undefined}
                                style={undefined}
                                type="button"
                                disabled={undefined}
                                aria-disabled={undefined}
                                tabIndex={-1}
                                aria-label="Wednesday, December 31st, 2025"
                                onClick={function DayPicker.useCallback[handleDayClick]}
                                onBlur={function DayPicker.useCallback[handleDayBlur]}
                                onFocus={function DayPicker.useCallback[handleDayFocus]}
                                onKeyDown={function DayPicker.useCallback[handleDayKeyDown]}
                                onMouseEnter={function DayPicker.useCallback[handleDayMouseEnter]}
                                onMouseLeave={function DayPicker.useCallback[handleDayMouseLeave]}
                              >
+                               31
                      <Day>
                      <Day day={{date:Date, ...}} modifiers={{focused:false, ...}} className={"relative..."} style={{}} ...>
                        <td className={"relative..."} style={{}} role="gridcell" aria-selected={undefined} ...>
                          <CalendarDayButton className="rdp-day_bu..." style={undefined} type="button" ...>
                            <Button ref={{current:null}} variant="ghost" size="icon" data-day="2/1/2026" ...>
                              <button
                                data-slot="button"
                                className={"items-center justify-center whitespace-nowrap rounded-md text-sm transiti..."}
                                ref={{current:null}}
+                               data-day="2/1/2026"
-                               data-day="1/2/2026"
                                data-selected-single={undefined}
                                data-range-start={undefined}
                                data-range-end={undefined}
                                data-range-middle={undefined}
                                style={undefined}
                                type="button"
                                disabled={undefined}
                                aria-disabled={undefined}
                                tabIndex={-1}
                                aria-label="Friday, January 2nd, 2026"
                                onClick={function DayPicker.useCallback[handleDayClick]}
                                onBlur={function DayPicker.useCallback[handleDayBlur]}
                                onFocus={function DayPicker.useCallback[handleDayFocus]}
                                onKeyDown={function DayPicker.useCallback[handleDayKeyDown]}
                                onMouseEnter={function DayPicker.useCallback[handleDayMouseEnter]}
                                onMouseLeave={function DayPicker.useCallback[handleDayMouseLeave]}
                              >
+                               2
                      <Day day={{date:Date, ...}} modifiers={{focused:false, ...}} className={"relative..."} style={{}} ...>
                        <td className={"relative..."} style={{}} role="gridcell" aria-selected={undefined} ...>
                          <CalendarDayButton className="rdp-day_bu..." style={undefined} type="button" ...>
                            <Button ref={{current:null}} variant="ghost" size="icon" data-day="3/1/2026" ...>
                              <button
                                data-slot="button"
                                className={"items-center justify-center whitespace-nowrap rounded-md text-sm transiti..."}
                                ref={{current:null}}
+                               data-day="3/1/2026"
-                               data-day="1/3/2026"
                                data-selected-single={undefined}
                                data-range-start={undefined}
                                data-range-end={undefined}
                                data-range-middle={undefined}
                                style={undefined}
                                type="button"
                                disabled={undefined}
                                aria-disabled={undefined}
                                tabIndex={-1}
                                aria-label="Saturday, January 3rd, 2026"
                                onClick={function DayPicker.useCallback[handleDayClick]}
                                onBlur={function DayPicker.useCallback[handleDayBlur]}
                                onFocus={function DayPicker.useCallback[handleDayFocus]}
                                onKeyDown={function DayPicker.useCallback[handleDayKeyDown]}
                                onMouseEnter={function DayPicker.useCallback[handleDayMouseEnter]}
                                onMouseLeave={function DayPicker.useCallback[handleDayMouseLeave]}
                              >
+                               3
                  <Week className="flex w-ful..." style={undefined} week={{days:[...], ...}}>
                    <tr className="flex w-ful..." style={undefined}>
                      <Day day={{date:Date, ...}} modifiers={{focused:false, ...}} className={"relative..."} style={{}} ...>
                        <td className={"relative..."} style={{}} role="gridcell" aria-selected={undefined} ...>
                          <CalendarDayButton className="rdp-day_bu..." style={undefined} type="button" ...>
                            <Button ref={{current:null}} variant="ghost" size="icon" data-day="4/1/2026" ...>
                              <button
                                data-slot="button"
                                className={"items-center justify-center whitespace-nowrap rounded-md text-sm transiti..."}
                                ref={{current:null}}
+                               data-day="4/1/2026"
-                               data-day="1/4/2026"
                                data-selected-single={undefined}
                                data-range-start={undefined}
                                data-range-end={undefined}
                                data-range-middle={undefined}
                                style={undefined}
                                type="button"
                                disabled={undefined}
                                aria-disabled={undefined}
                                tabIndex={-1}
                                aria-label="Sunday, January 4th, 2026"
                                onClick={function DayPicker.useCallback[handleDayClick]}
                                onBlur={function DayPicker.useCallback[handleDayBlur]}
                                onFocus={function DayPicker.useCallback[handleDayFocus]}
                                onKeyDown={function DayPicker.useCallback[handleDayKeyDown]}
                                onMouseEnter={function DayPicker.useCallback[handleDayMouseEnter]}
                                onMouseLeave={function DayPicker.useCallback[handleDayMouseLeave]}
                              >
+                               4
                      <Day day={{date:Date, ...}} modifiers={{focused:false, ...}} className={"relative..."} style={{}} ...>
                        <td className={"relative..."} style={{}} role="gridcell" aria-selected={undefined} ...>
                          <CalendarDayButton className="rdp-day_bu..." style={undefined} type="button" ...>
                            <Button ref={{current:null}} variant="ghost" size="icon" data-day="5/1/2026" ...>
                              <button
                                data-slot="button"
                                className={"items-center justify-center whitespace-nowrap rounded-md text-sm transiti..."}
                                ref={{current:null}}
+                               data-day="5/1/2026"
-                               data-day="1/5/2026"
                                data-selected-single={undefined}
                                data-range-start={undefined}
                                data-range-end={undefined}
                                data-range-middle={undefined}
                                style={undefined}
                                type="button"
                                disabled={undefined}
                                aria-disabled={undefined}
                                tabIndex={-1}
                                aria-label="Monday, January 5th, 2026"
                                onClick={function DayPicker.useCallback[handleDayClick]}
                                onBlur={function DayPicker.useCallback[handleDayBlur]}
                                onFocus={function DayPicker.useCallback[handleDayFocus]}
                                onKeyDown={function DayPicker.useCallback[handleDayKeyDown]}
                                onMouseEnter={function DayPicker.useCallback[handleDayMouseEnter]}
                                onMouseLeave={function DayPicker.useCallback[handleDayMouseLeave]}
                              >
+                               5
                      <Day day={{date:Date, ...}} modifiers={{focused:false, ...}} className={"relative..."} style={{}} ...>
                        <td className={"relative..."} style={{}} role="gridcell" aria-selected={undefined} ...>
                          <CalendarDayButton className="rdp-day_bu..." style={undefined} type="button" ...>
                            <Button ref={{current:null}} variant="ghost" size="icon" data-day="6/1/2026" ...>
                              <button
                                data-slot="button"
                                className={"items-center justify-center whitespace-nowrap rounded-md text-sm transiti..."}
                                ref={{current:null}}
+                               data-day="6/1/2026"
-                               data-day="1/6/2026"
                                data-selected-single={undefined}
                                data-range-start={undefined}
                                data-range-end={undefined}
                                data-range-middle={undefined}
                                style={undefined}
                                type="button"
                                disabled={undefined}
                                aria-disabled={undefined}
                                tabIndex={-1}
                                aria-label="Tuesday, January 6th, 2026"
                                onClick={function DayPicker.useCallback[handleDayClick]}
                                onBlur={function DayPicker.useCallback[handleDayBlur]}
                                onFocus={function DayPicker.useCallback[handleDayFocus]}
                                onKeyDown={function DayPicker.useCallback[handleDayKeyDown]}
                                onMouseEnter={function DayPicker.useCallback[handleDayMouseEnter]}
                                onMouseLeave={function DayPicker.useCallback[handleDayMouseLeave]}
                              >
+                               6
                      <Day day={{date:Date, ...}} modifiers={{focused:false, ...}} className={"relative..."} style={{}} ...>
                        <td className={"relative..."} style={{}} role="gridcell" aria-selected={undefined} ...>
                          <CalendarDayButton className="rdp-day_bu..." style={undefined} type="button" ...>
                            <Button ref={{current:null}} variant="ghost" size="icon" data-day="7/1/2026" ...>
                              <button
                                data-slot="button"
                                className={"items-center justify-center whitespace-nowrap rounded-md text-sm transiti..."}
                                ref={{current:null}}
+                               data-day="7/1/2026"
-                               data-day="1/7/2026"
                                data-selected-single={undefined}
                                data-range-start={undefined}
                                data-range-end={undefined}
                                data-range-middle={undefined}
                                style={undefined}
                                type="button"
                                disabled={undefined}
                                aria-disabled={undefined}
                                tabIndex={-1}
                                aria-label="Wednesday, January 7th, 2026"
                                onClick={function DayPicker.useCallback[handleDayClick]}
                                onBlur={function DayPicker.useCallback[handleDayBlur]}
                                onFocus={function DayPicker.useCallback[handleDayFocus]}
                                onKeyDown={function DayPicker.useCallback[handleDayKeyDown]}
                                onMouseEnter={function DayPicker.useCallback[handleDayMouseEnter]}
                                onMouseLeave={function DayPicker.useCallback[handleDayMouseLeave]}
                              >
+                               7
                      <Day day={{date:Date, ...}} modifiers={{focused:false, ...}} className={"relative..."} style={{}} ...>
                        <td className={"relative..."} style={{}} role="gridcell" aria-selected={undefined} ...>
                          <CalendarDayButton className="rdp-day_bu..." style={undefined} type="button" ...>
                            <Button ref={{current:null}} variant="ghost" size="icon" data-day="8/1/2026" ...>
                              <button
                                data-slot="button"
                                className={"items-center justify-center whitespace-nowrap rounded-md text-sm transiti..."}
                                ref={{current:null}}
+                               data-day="8/1/2026"
-                               data-day="1/8/2026"
                                data-selected-single={undefined}
                                data-range-start={undefined}
                                data-range-end={undefined}
                                data-range-middle={undefined}
                                style={undefined}
                                type="button"
                                disabled={undefined}
                                aria-disabled={undefined}
                                tabIndex={-1}
                                aria-label="Thursday, January 8th, 2026"
                                onClick={function DayPicker.useCallback[handleDayClick]}
                                onBlur={function DayPicker.useCallback[handleDayBlur]}
                                onFocus={function DayPicker.useCallback[handleDayFocus]}
                                onKeyDown={function DayPicker.useCallback[handleDayKeyDown]}
                                onMouseEnter={function DayPicker.useCallback[handleDayMouseEnter]}
                                onMouseLeave={function DayPicker.useCallback[handleDayMouseLeave]}
                              >
+                               8
                      <Day day={{date:Date, ...}} modifiers={{focused:false, ...}} className={"relative..."} style={{}} ...>
                        <td className={"relative..."} style={{}} role="gridcell" aria-selected={undefined} ...>
                          <CalendarDayButton className="rdp-day_bu..." style={undefined} type="button" ...>
                            <Button ref={{current:null}} variant="ghost" size="icon" data-day="9/1/2026" ...>
                              <button
                                data-slot="button"
                                className={"items-center justify-center whitespace-nowrap rounded-md text-sm transiti..."}
                                ref={{current:null}}
+                               data-day="9/1/2026"
-                               data-day="1/9/2026"
                                data-selected-single={undefined}
                                data-range-start={undefined}
                                data-range-end={undefined}
                                data-range-middle={undefined}
                                style={undefined}
                                type="button"
                                disabled={undefined}
                                aria-disabled={undefined}
                                tabIndex={-1}
                                aria-label="Friday, January 9th, 2026"
                                onClick={function DayPicker.useCallback[handleDayClick]}
                                onBlur={function DayPicker.useCallback[handleDayBlur]}
                                onFocus={function DayPicker.useCallback[handleDayFocus]}
                                onKeyDown={function DayPicker.useCallback[handleDayKeyDown]}
                                onMouseEnter={function DayPicker.useCallback[handleDayMouseEnter]}
                                onMouseLeave={function DayPicker.useCallback[handleDayMouseLeave]}
                              >
+                               9
                      <Day day={{date:Date, ...}} modifiers={{focused:false, ...}} className={"relative..."} style={{}} ...>
                        <td className={"relative..."} style={{}} role="gridcell" aria-selected={undefined} ...>
                          <CalendarDayButton className="rdp-day_bu..." style={undefined} type="button" ...>
                            <Button ref={{current:null}} variant="ghost" size="icon" data-day="10/1/2026" ...>
                              <button
                                data-slot="button"
                                className={"items-center justify-center whitespace-nowrap rounded-md text-sm transiti..."}
                                ref={{current:null}}
+                               data-day="10/1/2026"
-                               data-day="1/10/2026"
                                data-selected-single={undefined}
                                data-range-start={undefined}
                                data-range-end={undefined}
                                data-range-middle={undefined}
                                style={undefined}
                                type="button"
                                disabled={undefined}
                                aria-disabled={undefined}
                                tabIndex={-1}
                                aria-label="Saturday, January 10th, 2026"
                                onClick={function DayPicker.useCallback[handleDayClick]}
                                onBlur={function DayPicker.useCallback[handleDayBlur]}
                                onFocus={function DayPicker.useCallback[handleDayFocus]}
                                onKeyDown={function DayPicker.useCallback[handleDayKeyDown]}
                                onMouseEnter={function DayPicker.useCallback[handleDayMouseEnter]}
                                onMouseLeave={function DayPicker.useCallback[handleDayMouseLeave]}
                              >
+                               10
                  <Week className="flex w-ful..." style={undefined} week={{days:[...], ...}}>
                    <tr className="flex w-ful..." style={undefined}>
                      <Day day={{date:Date, ...}} modifiers={{focused:false, ...}} className={"relative..."} style={{}} ...>
                        <td className={"relative..."} style={{}} role="gridcell" aria-selected={undefined} ...>
                          <CalendarDayButton className="rdp-day_bu..." style={undefined} type="button" ...>
                            <Button ref={{current:null}} variant="ghost" size="icon" data-day="11/1/2026" ...>
                              <button
                                data-slot="button"
                                className={"items-center justify-center whitespace-nowrap rounded-md text-sm transiti..."}
                                ref={{current:null}}
+                               data-day="11/1/2026"
-                               data-day="1/11/2026"
                                data-selected-single={undefined}
                                data-range-start={undefined}
                                data-range-end={undefined}
                                data-range-middle={undefined}
                                style={undefined}
                                type="button"
                                disabled={undefined}
                                aria-disabled={undefined}
                                tabIndex={-1}
                                aria-label="Sunday, January 11th, 2026"
                                onClick={function DayPicker.useCallback[handleDayClick]}
                                onBlur={function DayPicker.useCallback[handleDayBlur]}
                                onFocus={function DayPicker.useCallback[handleDayFocus]}
                                onKeyDown={function DayPicker.useCallback[handleDayKeyDown]}
                                onMouseEnter={function DayPicker.useCallback[handleDayMouseEnter]}
                                onMouseLeave={function DayPicker.useCallback[handleDayMouseLeave]}
                              >
+                               11
                      <Day day={{date:Date, ...}} modifiers={{focused:false, ...}} className={"relative..."} style={{}} ...>
                        <td className={"relative..."} style={{}} role="gridcell" aria-selected={undefined} ...>
                          <CalendarDayButton className="rdp-day_bu..." style={undefined} type="button" ...>
                            <Button ref={{current:null}} variant="ghost" size="icon" data-day="12/1/2026" ...>
                              <button
                                data-slot="button"
                                className={"items-center justify-center whitespace-nowrap rounded-md text-sm transiti..."}
                                ref={{current:null}}
+                               data-day="12/1/2026"
-                               data-day="1/12/2026"
                                data-selected-single={undefined}
                                data-range-start={undefined}
                                data-range-end={undefined}
                                data-range-middle={undefined}
                                style={undefined}
                                type="button"
                                disabled={undefined}
                                aria-disabled={undefined}
                                tabIndex={-1}
                                aria-label="Monday, January 12th, 2026"
                                onClick={function DayPicker.useCallback[handleDayClick]}
                                onBlur={function DayPicker.useCallback[handleDayBlur]}
                                onFocus={function DayPicker.useCallback[handleDayFocus]}
                                onKeyDown={function DayPicker.useCallback[handleDayKeyDown]}
                                onMouseEnter={function DayPicker.useCallback[handleDayMouseEnter]}
                                onMouseLeave={function DayPicker.useCallback[handleDayMouseLeave]}
                              >
+                               12
                      <Day day={{date:Date, ...}} modifiers={{focused:false, ...}} className={"relative..."} style={{}} ...>
                        <td className={"relative..."} style={{}} role="gridcell" aria-selected={undefined} ...>
                          <CalendarDayButton className="rdp-day_bu..." style={undefined} type="button" ...>
                            <Button ref={{current:null}} variant="ghost" size="icon" data-day="13/1/2026" ...>
                              <button
                                data-slot="button"
                                className={"items-center justify-center whitespace-nowrap rounded-md text-sm transiti..."}
                                ref={{current:null}}
+                               data-day="13/1/2026"
-                               data-day="1/13/2026"
                                data-selected-single={undefined}
                                data-range-start={undefined}
                                data-range-end={undefined}
                                data-range-middle={undefined}
                                style={undefined}
                                type="button"
                                disabled={undefined}
                                aria-disabled={undefined}
                                tabIndex={-1}
                                aria-label="Tuesday, January 13th, 2026"
                                onClick={function DayPicker.useCallback[handleDayClick]}
                                onBlur={function DayPicker.useCallback[handleDayBlur]}
                                onFocus={function DayPicker.useCallback[handleDayFocus]}
                                onKeyDown={function DayPicker.useCallback[handleDayKeyDown]}
                                onMouseEnter={function DayPicker.useCallback[handleDayMouseEnter]}
                                onMouseLeave={function DayPicker.useCallback[handleDayMouseLeave]}
                              >
+                               13
                      <Day day={{date:Date, ...}} modifiers={{focused:false, ...}} className={"relative..."} style={{}} ...>
                        <td className={"relative..."} style={{}} role="gridcell" aria-selected={undefined} ...>
                          <CalendarDayButton className="rdp-day_bu..." style={undefined} type="button" ...>
                            <Button ref={{current:null}} variant="ghost" size="icon" data-day="14/1/2026" ...>
                              <button
                                data-slot="button"
                                className={"items-center justify-center whitespace-nowrap rounded-md text-sm transiti..."}
                                ref={{current:null}}
+                               data-day="14/1/2026"
-                               data-day="1/14/2026"
                                data-selected-single={undefined}
                                data-range-start={undefined}
                                data-range-end={undefined}
                                data-range-middle={undefined}
                                style={undefined}
                                type="button"
                                disabled={undefined}
                                aria-disabled={undefined}
                                tabIndex={-1}
                                aria-label="Wednesday, January 14th, 2026"
                                onClick={function DayPicker.useCallback[handleDayClick]}
                                onBlur={function DayPicker.useCallback[handleDayBlur]}
                                onFocus={function DayPicker.useCallback[handleDayFocus]}
                                onKeyDown={function DayPicker.useCallback[handleDayKeyDown]}
                                onMouseEnter={function DayPicker.useCallback[handleDayMouseEnter]}
                                onMouseLeave={function DayPicker.useCallback[handleDayMouseLeave]}
                              >
+                               14
                      <Day day={{date:Date, ...}} modifiers={{focused:false, ...}} className={"relative..."} style={{}} ...>
                        <td className={"relative..."} style={{}} role="gridcell" aria-selected={undefined} ...>
                          <CalendarDayButton className="rdp-day_bu..." style={undefined} type="button" ...>
                            <Button ref={{current:null}} variant="ghost" size="icon" data-day="15/1/2026" ...>
                              <button
                                data-slot="button"
                                className={"items-center justify-center whitespace-nowrap rounded-md text-sm transiti..."}
                                ref={{current:null}}
+                               data-day="15/1/2026"
-                               data-day="1/15/2026"
                                data-selected-single={undefined}
                                data-range-start={undefined}
                                data-range-end={undefined}
                                data-range-middle={undefined}
                                style={undefined}
                                type="button"
                                disabled={undefined}
                                aria-disabled={undefined}
                                tabIndex={-1}
                                aria-label="Thursday, January 15th, 2026"
                                onClick={function DayPicker.useCallback[handleDayClick]}
                                onBlur={function DayPicker.useCallback[handleDayBlur]}
                                onFocus={function DayPicker.useCallback[handleDayFocus]}
                                onKeyDown={function DayPicker.useCallback[handleDayKeyDown]}
                                onMouseEnter={function DayPicker.useCallback[handleDayMouseEnter]}
                                onMouseLeave={function DayPicker.useCallback[handleDayMouseLeave]}
                              >
+                               15
                      <Day day={{date:Date, ...}} modifiers={{focused:false, ...}} className={"relative..."} style={{}} ...>
                        <td className={"relative..."} style={{}} role="gridcell" aria-selected={undefined} ...>
                          <CalendarDayButton className="rdp-day_bu..." style={undefined} type="button" ...>
                            <Button ref={{current:null}} variant="ghost" size="icon" data-day="16/1/2026" ...>
                              <button
                                data-slot="button"
                                className={"items-center justify-center whitespace-nowrap rounded-md text-sm transiti..."}
                                ref={{current:null}}
+                               data-day="16/1/2026"
-                               data-day="1/16/2026"
                                data-selected-single={undefined}
                                data-range-start={undefined}
                                data-range-end={undefined}
                                data-range-middle={undefined}
                                style={undefined}
                                type="button"
                                disabled={undefined}
                                aria-disabled={undefined}
                                tabIndex={-1}
                                aria-label="Friday, January 16th, 2026"
                                onClick={function DayPicker.useCallback[handleDayClick]}
                                onBlur={function DayPicker.useCallback[handleDayBlur]}
                                onFocus={function DayPicker.useCallback[handleDayFocus]}
                                onKeyDown={function DayPicker.useCallback[handleDayKeyDown]}
                                onMouseEnter={function DayPicker.useCallback[handleDayMouseEnter]}
                                onMouseLeave={function DayPicker.useCallback[handleDayMouseLeave]}
                              >
+                               16
                      <Day day={{date:Date, ...}} modifiers={{focused:false, ...}} className={"relative..."} style={{}} ...>
                        <td className={"relative..."} style={{}} role="gridcell" aria-selected={undefined} ...>
                          <CalendarDayButton className="rdp-day_bu..." style={undefined} type="button" ...>
                            <Button ref={{current:null}} variant="ghost" size="icon" data-day="17/1/2026" ...>
                              <button
                                data-slot="button"
                                className={"items-center justify-center whitespace-nowrap rounded-md text-sm transiti..."}
                                ref={{current:null}}
+                               data-day="17/1/2026"
-                               data-day="1/17/2026"
                                data-selected-single={undefined}
                                data-range-start={undefined}
                                data-range-end={undefined}
                                data-range-middle={undefined}
                                style={undefined}
                                type="button"
                                disabled={undefined}
                                aria-disabled={undefined}
                                tabIndex={-1}
                                aria-label="Saturday, January 17th, 2026"
                                onClick={function DayPicker.useCallback[handleDayClick]}
                                onBlur={function DayPicker.useCallback[handleDayBlur]}
                                onFocus={function DayPicker.useCallback[handleDayFocus]}
                                onKeyDown={function DayPicker.useCallback[handleDayKeyDown]}
                                onMouseEnter={function DayPicker.useCallback[handleDayMouseEnter]}
                                onMouseLeave={function DayPicker.useCallback[handleDayMouseLeave]}
                              >
+                               17
                  <Week className="flex w-ful..." style={undefined} week={{days:[...], ...}}>
                    <tr className="flex w-ful..." style={undefined}>
                      <Day day={{date:Date, ...}} modifiers={{focused:false, ...}} className={"relative..."} style={{}} ...>
                        <td className={"relative..."} style={{}} role="gridcell" aria-selected={undefined} ...>
                          <CalendarDayButton className="rdp-day_bu..." style={undefined} type="button" ...>
                            <Button ref={{current:null}} variant="ghost" size="icon" data-day="18/1/2026" ...>
                              <button
                                data-slot="button"
                                className={"items-center justify-center whitespace-nowrap rounded-md text-sm transiti..."}
                                ref={{current:null}}
+                               data-day="18/1/2026"
-                               data-day="1/18/2026"
                                data-selected-single={undefined}
                                data-range-start={undefined}
                                data-range-end={undefined}
                                data-range-middle={undefined}
                                style={undefined}
                                type="button"
                                disabled={undefined}
                                aria-disabled={undefined}
                                tabIndex={-1}
                                aria-label="Sunday, January 18th, 2026"
                                onClick={function DayPicker.useCallback[handleDayClick]}
                                onBlur={function DayPicker.useCallback[handleDayBlur]}
                                onFocus={function DayPicker.useCallback[handleDayFocus]}
                                onKeyDown={function DayPicker.useCallback[handleDayKeyDown]}
                                onMouseEnter={function DayPicker.useCallback[handleDayMouseEnter]}
                                onMouseLeave={function DayPicker.useCallback[handleDayMouseLeave]}
                              >
+                               18
                      <Day day={{date:Date, ...}} modifiers={{focused:false, ...}} className={"relative..."} style={{}} ...>
                        <td className={"relative..."} style={{}} role="gridcell" aria-selected={undefined} ...>
                          <CalendarDayButton className="rdp-day_bu..." style={undefined} type="button" ...>
                            <Button ref={{current:null}} variant="ghost" size="icon" data-day="19/1/2026" ...>
                              <button
                                data-slot="button"
                                className={"items-center justify-center whitespace-nowrap rounded-md text-sm transiti..."}
                                ref={{current:null}}
+                               data-day="19/1/2026"
-                               data-day="1/19/2026"
                                data-selected-single={undefined}
                                data-range-start={undefined}
                                data-range-end={undefined}
                                data-range-middle={undefined}
                                style={undefined}
                                type="button"
                                disabled={undefined}
                                aria-disabled={undefined}
                                tabIndex={-1}
                                aria-label="Monday, January 19th, 2026"
                                onClick={function DayPicker.useCallback[handleDayClick]}
                                onBlur={function DayPicker.useCallback[handleDayBlur]}
                                onFocus={function DayPicker.useCallback[handleDayFocus]}
                                onKeyDown={function DayPicker.useCallback[handleDayKeyDown]}
                                onMouseEnter={function DayPicker.useCallback[handleDayMouseEnter]}
                                onMouseLeave={function DayPicker.useCallback[handleDayMouseLeave]}
                              >
+                               19
                      <Day day={{date:Date, ...}} modifiers={{focused:false, ...}} className={"relative..."} style={{}} ...>
                        <td className={"relative..."} style={{}} role="gridcell" aria-selected={undefined} ...>
                          <CalendarDayButton className="rdp-day_bu..." style={undefined} type="button" ...>
                            <Button ref={{current:null}} variant="ghost" size="icon" data-day="20/1/2026" ...>
                              <button
                                data-slot="button"
                                className={"items-center justify-center whitespace-nowrap rounded-md text-sm transiti..."}
                                ref={{current:null}}
+                               data-day="20/1/2026"
-                               data-day="1/20/2026"
                                data-selected-single={undefined}
                                data-range-start={undefined}
                                data-range-end={undefined}
                                data-range-middle={undefined}
                                style={undefined}
                                type="button"
                                disabled={undefined}
                                aria-disabled={undefined}
                                tabIndex={-1}
                                aria-label="Tuesday, January 20th, 2026"
                                onClick={function DayPicker.useCallback[handleDayClick]}
                                onBlur={function DayPicker.useCallback[handleDayBlur]}
                                onFocus={function DayPicker.useCallback[handleDayFocus]}
                                onKeyDown={function DayPicker.useCallback[handleDayKeyDown]}
                                onMouseEnter={function DayPicker.useCallback[handleDayMouseEnter]}
                                onMouseLeave={function DayPicker.useCallback[handleDayMouseLeave]}
                              >
+                               20
                      <Day day={{date:Date, ...}} modifiers={{focused:false, ...}} className={"relative..."} style={{}} ...>
                        <td className={"relative..."} style={{}} role="gridcell" aria-selected={undefined} ...>
                          <CalendarDayButton className="rdp-day_bu..." style={undefined} type="button" ...>
                            <Button ref={{current:null}} variant="ghost" size="icon" data-day="21/1/2026" ...>
                              <button
                                data-slot="button"
                                className={"items-center justify-center whitespace-nowrap rounded-md text-sm transiti..."}
                                ref={{current:null}}
+                               data-day="21/1/2026"
-                               data-day="1/21/2026"
                                data-selected-single={undefined}
                                data-range-start={undefined}
                                data-range-end={undefined}
                                data-range-middle={undefined}
                                style={undefined}
                                type="button"
                                disabled={undefined}
                                aria-disabled={undefined}
                                tabIndex={-1}
                                aria-label="Wednesday, January 21st, 2026"
                                onClick={function DayPicker.useCallback[handleDayClick]}
                                onBlur={function DayPicker.useCallback[handleDayBlur]}
                                onFocus={function DayPicker.useCallback[handleDayFocus]}
                                onKeyDown={function DayPicker.useCallback[handleDayKeyDown]}
                                onMouseEnter={function DayPicker.useCallback[handleDayMouseEnter]}
                                onMouseLeave={function DayPicker.useCallback[handleDayMouseLeave]}
                              >
+                               21
                      <Day day={{date:Date, ...}} modifiers={{focused:false, ...}} className={"relative..."} style={{}} ...>
                        <td className={"relative..."} style={{}} role="gridcell" aria-selected={undefined} ...>
                          <CalendarDayButton className="rdp-day_bu..." style={undefined} type="button" ...>
                            <Button ref={{current:null}} variant="ghost" size="icon" data-day="22/1/2026" ...>
                              <button
                                data-slot="button"
                                className={"items-center justify-center whitespace-nowrap rounded-md text-sm transiti..."}
                                ref={{current:null}}
+                               data-day="22/1/2026"
-                               data-day="1/22/2026"
                                data-selected-single={undefined}
                                data-range-start={undefined}
                                data-range-end={undefined}
                                data-range-middle={undefined}
                                style={undefined}
                                type="button"
                                disabled={undefined}
                                aria-disabled={undefined}
                                tabIndex={-1}
                                aria-label="Thursday, January 22nd, 2026"
                                onClick={function DayPicker.useCallback[handleDayClick]}
                                onBlur={function DayPicker.useCallback[handleDayBlur]}
                                onFocus={function DayPicker.useCallback[handleDayFocus]}
                                onKeyDown={function DayPicker.useCallback[handleDayKeyDown]}
                                onMouseEnter={function DayPicker.useCallback[handleDayMouseEnter]}
                                onMouseLeave={function DayPicker.useCallback[handleDayMouseLeave]}
                              >
+                               22
                      <Day day={{date:Date, ...}} modifiers={{focused:false, ...}} className={"relative..."} style={{}} ...>
                        <td className={"relative..."} style={{}} role="gridcell" aria-selected={undefined} ...>
                          <CalendarDayButton className="rdp-day_bu..." style={undefined} type="button" ...>
                            <Button ref={{current:null}} variant="ghost" size="icon" data-day="23/1/2026" ...>
                              <button
                                data-slot="button"
                                className={"items-center justify-center whitespace-nowrap rounded-md text-sm transiti..."}
                                ref={{current:null}}
+                               data-day="23/1/2026"
-                               data-day="1/23/2026"
                                data-selected-single={undefined}
                                data-range-start={undefined}
                                data-range-end={undefined}
                                data-range-middle={undefined}
                                style={undefined}
                                type="button"
                                disabled={undefined}
                                aria-disabled={undefined}
                                tabIndex={-1}
                                aria-label="Friday, January 23rd, 2026"
                                onClick={function DayPicker.useCallback[handleDayClick]}
                                onBlur={function DayPicker.useCallback[handleDayBlur]}
                                onFocus={function DayPicker.useCallback[handleDayFocus]}
                                onKeyDown={function DayPicker.useCallback[handleDayKeyDown]}
                                onMouseEnter={function DayPicker.useCallback[handleDayMouseEnter]}
                                onMouseLeave={function DayPicker.useCallback[handleDayMouseLeave]}
                              >
+                               23
                      <Day day={{date:Date, ...}} modifiers={{focused:false, ...}} className={"relative..."} style={{}} ...>
                        <td className={"relative..."} style={{}} role="gridcell" aria-selected={undefined} ...>
                          <CalendarDayButton className="rdp-day_bu..." style={undefined} type="button" ...>
                            <Button ref={{current:null}} variant="ghost" size="icon" data-day="24/1/2026" ...>
                              <button
                                data-slot="button"
                                className={"items-center justify-center whitespace-nowrap rounded-md text-sm transiti..."}
                                ref={{current:null}}
+                               data-day="24/1/2026"
-                               data-day="1/24/2026"
                                data-selected-single={undefined}
                                data-range-start={undefined}
                                data-range-end={undefined}
                                data-range-middle={undefined}
                                style={undefined}
                                type="button"
                                disabled={undefined}
                                aria-disabled={undefined}
                                tabIndex={-1}
                                aria-label="Saturday, January 24th, 2026"
                                onClick={function DayPicker.useCallback[handleDayClick]}
                                onBlur={function DayPicker.useCallback[handleDayBlur]}
                                onFocus={function DayPicker.useCallback[handleDayFocus]}
                                onKeyDown={function DayPicker.useCallback[handleDayKeyDown]}
                                onMouseEnter={function DayPicker.useCallback[handleDayMouseEnter]}
                                onMouseLeave={function DayPicker.useCallback[handleDayMouseLeave]}
                              >
+                               24
                  <Week className="flex w-ful..." style={undefined} week={{days:[...], ...}}>
                    <tr className="flex w-ful..." style={undefined}>
                      <Day day={{date:Date, ...}} modifiers={{focused:false, ...}} className={"relative..."} style={{}} ...>
                        <td className={"relative..."} style={{}} role="gridcell" aria-selected={undefined} ...>
                          <CalendarDayButton className="rdp-day_bu..." style={undefined} type="button" ...>
                            <Button ref={{current:null}} variant="ghost" size="icon" data-day="25/1/2026" ...>
                              <button
                                data-slot="button"
                                className={"items-center justify-center whitespace-nowrap rounded-md text-sm transiti..."}
                                ref={{current:null}}
+                               data-day="25/1/2026"
-                               data-day="1/25/2026"
                                data-selected-single={undefined}
                                data-range-start={undefined}
                                data-range-end={undefined}
                                data-range-middle={undefined}
                                style={undefined}
                                type="button"
                                disabled={undefined}
                                aria-disabled={undefined}
                                tabIndex={-1}
                                aria-label="Sunday, January 25th, 2026"
                                onClick={function DayPicker.useCallback[handleDayClick]}
                                onBlur={function DayPicker.useCallback[handleDayBlur]}
                                onFocus={function DayPicker.useCallback[handleDayFocus]}
                                onKeyDown={function DayPicker.useCallback[handleDayKeyDown]}
                                onMouseEnter={function DayPicker.useCallback[handleDayMouseEnter]}
                                onMouseLeave={function DayPicker.useCallback[handleDayMouseLeave]}
                              >
+                               25
                      <Day day={{date:Date, ...}} modifiers={{focused:false, ...}} className={"relative..."} style={{}} ...>
                        <td className={"relative..."} style={{}} role="gridcell" aria-selected={undefined} ...>
                          <CalendarDayButton className="rdp-day_bu..." style={undefined} type="button" ...>
                            <Button ref={{current:null}} variant="ghost" size="icon" data-day="26/1/2026" ...>
                              <button
                                data-slot="button"
                                className={"items-center justify-center whitespace-nowrap rounded-md text-sm transiti..."}
                                ref={{current:null}}
+                               data-day="26/1/2026"
-                               data-day="1/26/2026"
                                data-selected-single={undefined}
                                data-range-start={undefined}
                                data-range-end={undefined}
                                data-range-middle={undefined}
                                style={undefined}
                                type="button"
                                disabled={undefined}
                                aria-disabled={undefined}
                                tabIndex={-1}
                                aria-label="Monday, January 26th, 2026"
                                onClick={function DayPicker.useCallback[handleDayClick]}
                                onBlur={function DayPicker.useCallback[handleDayBlur]}
                                onFocus={function DayPicker.useCallback[handleDayFocus]}
                                onKeyDown={function DayPicker.useCallback[handleDayKeyDown]}
                                onMouseEnter={function DayPicker.useCallback[handleDayMouseEnter]}
                                onMouseLeave={function DayPicker.useCallback[handleDayMouseLeave]}
                              >
+                               26
                      <Day day={{date:Date, ...}} modifiers={{focused:false, ...}} className={"relative..."} style={{}} ...>
                        <td className={"relative..."} style={{}} role="gridcell" aria-selected={undefined} ...>
                          <CalendarDayButton className="rdp-day_bu..." style={undefined} type="button" ...>
                            <Button ref={{current:null}} variant="ghost" size="icon" data-day="27/1/2026" ...>
                              <button
                                data-slot="button"
                                className={"items-center justify-center whitespace-nowrap rounded-md text-sm transiti..."}
                                ref={{current:null}}
+                               data-day="27/1/2026"
-                               data-day="1/27/2026"
                                data-selected-single={undefined}
                                data-range-start={undefined}
                                data-range-end={undefined}
                                data-range-middle={undefined}
                                style={undefined}
                                type="button"
                                disabled={undefined}
                                aria-disabled={undefined}
                                tabIndex={-1}
                                aria-label="Tuesday, January 27th, 2026"
                                onClick={function DayPicker.useCallback[handleDayClick]}
                                onBlur={function DayPicker.useCallback[handleDayBlur]}
                                onFocus={function DayPicker.useCallback[handleDayFocus]}
                                onKeyDown={function DayPicker.useCallback[handleDayKeyDown]}
                                onMouseEnter={function DayPicker.useCallback[handleDayMouseEnter]}
                                onMouseLeave={function DayPicker.useCallback[handleDayMouseLeave]}
                              >
+                               27
                      <Day day={{date:Date, ...}} modifiers={{focused:false, ...}} className={"relative..."} style={{}} ...>
                        <td className={"relative..."} style={{}} role="gridcell" aria-selected={undefined} ...>
                          <CalendarDayButton className="rdp-day_bu..." style={undefined} type="button" ...>
                            <Button ref={{current:null}} variant="ghost" size="icon" data-day="28/1/2026" ...>
                              <button
                                data-slot="button"
                                className={"items-center justify-center whitespace-nowrap rounded-md text-sm transiti..."}
                                ref={{current:null}}
+                               data-day="28/1/2026"
-                               data-day="1/28/2026"
                                data-selected-single={undefined}
                                data-range-start={undefined}
                                data-range-end={undefined}
                                data-range-middle={undefined}
                                style={undefined}
                                type="button"
                                disabled={undefined}
                                aria-disabled={undefined}
                                tabIndex={-1}
                                aria-label="Wednesday, January 28th, 2026"
                                onClick={function DayPicker.useCallback[handleDayClick]}
                                onBlur={function DayPicker.useCallback[handleDayBlur]}
                                onFocus={function DayPicker.useCallback[handleDayFocus]}
                                onKeyDown={function DayPicker.useCallback[handleDayKeyDown]}
                                onMouseEnter={function DayPicker.useCallback[handleDayMouseEnter]}
                                onMouseLeave={function DayPicker.useCallback[handleDayMouseLeave]}
                              >
+                               28
                      <Day day={{date:Date, ...}} modifiers={{focused:false, ...}} className={"relative..."} style={{}} ...>
                        <td className={"relative..."} style={{}} role="gridcell" aria-selected={undefined} ...>
                          <CalendarDayButton className="rdp-day_bu..." style={undefined} type="button" ...>
                            <Button ref={{current:null}} variant="ghost" size="icon" data-day="29/1/2026" ...>
                              <button
                                data-slot="button"
                                className={"items-center justify-center whitespace-nowrap rounded-md text-sm transiti..."}
                                ref={{current:null}}
+                               data-day="29/1/2026"
-                               data-day="1/29/2026"
                                data-selected-single={undefined}
                                data-range-start={undefined}
                                data-range-end={undefined}
                                data-range-middle={undefined}
                                style={undefined}
                                type="button"
                                disabled={undefined}
                                aria-disabled={undefined}
                                tabIndex={-1}
                                aria-label="Thursday, January 29th, 2026"
                                onClick={function DayPicker.useCallback[handleDayClick]}
                                onBlur={function DayPicker.useCallback[handleDayBlur]}
                                onFocus={function DayPicker.useCallback[handleDayFocus]}
                                onKeyDown={function DayPicker.useCallback[handleDayKeyDown]}
                                onMouseEnter={function DayPicker.useCallback[handleDayMouseEnter]}
                                onMouseLeave={function DayPicker.useCallback[handleDayMouseLeave]}
                              >
+                               29
                      <Day day={{date:Date, ...}} modifiers={{focused:false, ...}} className={"relative..."} style={{}} ...>
                        <td className={"relative..."} style={{}} role="gridcell" aria-selected={undefined} ...>
                          <CalendarDayButton className="rdp-day_bu..." style={undefined} type="button" ...>
                            <Button ref={{current:null}} variant="ghost" size="icon" data-day="30/1/2026" ...>
                              <button
                                data-slot="button"
                                className={"items-center justify-center whitespace-nowrap rounded-md text-sm transiti..."}
                                ref={{current:null}}
+                               data-day="30/1/2026"
-                               data-day="1/30/2026"
                                data-selected-single={undefined}
                                data-range-start={undefined}
                                data-range-end={undefined}
                                data-range-middle={undefined}
                                style={undefined}
                                type="button"
                                disabled={undefined}
                                aria-disabled={undefined}
                                tabIndex={-1}
                                aria-label="Friday, January 30th, 2026"
                                onClick={function DayPicker.useCallback[handleDayClick]}
                                onBlur={function DayPicker.useCallback[handleDayBlur]}
                                onFocus={function DayPicker.useCallback[handleDayFocus]}
                                onKeyDown={function DayPicker.useCallback[handleDayKeyDown]}
                                onMouseEnter={function DayPicker.useCallback[handleDayMouseEnter]}
                                onMouseLeave={function DayPicker.useCallback[handleDayMouseLeave]}
                              >
+                               30
                      <Day day={{date:Date, ...}} modifiers={{focused:false, ...}} className={"relative..."} style={{}} ...>
                        <td className={"relative..."} style={{}} role="gridcell" aria-selected={undefined} ...>
                          <CalendarDayButton className="rdp-day_bu..." style={undefined} type="button" ...>
                            <Button ref={{current:null}} variant="ghost" size="icon" data-day="31/1/2026" ...>
                              <button
                                data-slot="button"
                                className={"items-center justify-center whitespace-nowrap rounded-md text-sm transiti..."}
                                ref={{current:null}}
+                               data-day="31/1/2026"
-                               data-day="1/31/2026"
                                data-selected-single={undefined}
                                data-range-start={undefined}
                                data-range-end={undefined}
                                data-range-middle={undefined}
                                style={undefined}
                                type="button"
                                disabled={undefined}
                                aria-disabled={undefined}
                                tabIndex={-1}
                                aria-label="Saturday, January 31st, 2026"
                                onClick={function DayPicker.useCallback[handleDayClick]}
                                onBlur={function DayPicker.useCallback[handleDayBlur]}
                                onFocus={function DayPicker.useCallback[handleDayFocus]}
                                onKeyDown={function DayPicker.useCallback[handleDayKeyDown]}
                                onMouseEnter={function DayPicker.useCallback[handleDayMouseEnter]}
                                onMouseLeave={function DayPicker.useCallback[handleDayMouseLeave]}
                              >
+                               31
 @ http://localhost:3001/_next/static/chunks/node_modules_next_dist_7a8122d0._.js:3122
