[     966ms] [ERROR] %c%s%c [Server] Failed to fetch disciplinary measures: background: #e6e6e6;background: light-dark(rgba(0,0,0,0.1), rgba(255,255,255,0.25));color: #000000;color: light-dark(#000000, #ffffff);border-radius: 2px  Server   Error: [object Object]
    at fetchDisciplinaryMeasuresServer (about://React/Server/file:///Users/felixddhs/VSCODE/REPOS/SEN-CheckIn/apps/web/.next/dev/server/chunks/ssr/_c34683e9._.js?33:1075:22)
    at resolveErrorDev (http://localhost:3001/_next/static/chunks/node_modules_next_dist_compiled_react-server-dom-turbopack_9212ccad._.js:1882:106)
    at getOutlinedModel (http://localhost:3001/_next/static/chunks/node_modules_next_dist_compiled_react-server-dom-turbopack_9212ccad._.js:1434:28)
    at parseModelString (http://localhost:3001/_next/static/chunks/node_modules_next_dist_compiled_react-server-dom-turbopack_9212ccad._.js:1548:50)
    at Object.<anonymous> (http://localhost:3001/_next/static/chunks/node_modules_next_dist_compiled_react-server-dom-turbopack_9212ccad._.js:2475:51)
    at JSON.parse (<anonymous>)
    at initializeModelChunk (http://localhost:3001/_next/static/chunks/node_modules_next_dist_compiled_react-server-dom-turbopack_9212ccad._.js:1053:30)
    at getOutlinedModel (http://localhost:3001/_next/static/chunks/node_modules_next_dist_compiled_react-server-dom-turbopack_9212ccad._.js:1372:17)
    at parseModelString (http://localhost:3001/_next/static/chunks/node_modules_next_dist_compiled_react-server-dom-turbopack_9212ccad._.js:1602:50)
    at Array.<anonymous> (http://localhost:3001/_next/static/chunks/node_modules_next_dist_compiled_react-server-dom-turbopack_9212ccad._.js:2475:51)
    at JSON.parse (<anonymous>)
    at initializeModelChunk (http://localhost:3001/_next/static/chunks/node_modules_next_dist_compiled_react-server-dom-turbopack_9212ccad._.js:1053:30)
    at resolveConsoleEntry (http://localhost:3001/_next/static/chunks/node_modules_next_dist_compiled_react-server-dom-turbopack_9212ccad._.js:2008:96)
    at processFullStringRow (http://localhost:3001/_next/static/chunks/node_modules_next_dist_compiled_react-server-dom-turbopack_9212ccad._.js:2409:17)
    at processFullBinaryRow (http://localhost:3001/_next/static/chunks/node_modules_next_dist_compiled_react-server-dom-turbopack_9212ccad._.js:2349:9)
    at processBinaryChunk (http://localhost:3001/_next/static/chunks/node_modules_next_dist_compiled_react-server-dom-turbopack_9212ccad._.js:2459:98)
    at progress (http://localhost:3001/_next/static/chunks/node_modules_next_dist_compiled_react-server-dom-turbopack_9212ccad._.js:2628:13) Status: 403 @ http://localhost:3001/_next/static/chunks/node_modules_next_dist_7a8122d0._.js:3122
[     966ms] [ERROR] %c%s%c [Server] Failed to fetch disciplinary KPIs: background: #e6e6e6;background: light-dark(rgba(0,0,0,0.1), rgba(255,255,255,0.25));color: #000000;color: light-dark(#000000, #ffffff);border-radius: 2px  Server   Error: [object Object]
    at fetchDisciplinaryKpisServer (about://React/Server/file:///Users/felixddhs/VSCODE/REPOS/SEN-CheckIn/apps/web/.next/dev/server/chunks/ssr/_c34683e9._.js?36:1102:22)
    at resolveErrorDev (http://localhost:3001/_next/static/chunks/node_modules_next_dist_compiled_react-server-dom-turbopack_9212ccad._.js:1882:106)
    at getOutlinedModel (http://localhost:3001/_next/static/chunks/node_modules_next_dist_compiled_react-server-dom-turbopack_9212ccad._.js:1434:28)
    at parseModelString (http://localhost:3001/_next/static/chunks/node_modules_next_dist_compiled_react-server-dom-turbopack_9212ccad._.js:1548:50)
    at Object.<anonymous> (http://localhost:3001/_next/static/chunks/node_modules_next_dist_compiled_react-server-dom-turbopack_9212ccad._.js:2475:51)
    at JSON.parse (<anonymous>)
    at initializeModelChunk (http://localhost:3001/_next/static/chunks/node_modules_next_dist_compiled_react-server-dom-turbopack_9212ccad._.js:1053:30)
    at getOutlinedModel (http://localhost:3001/_next/static/chunks/node_modules_next_dist_compiled_react-server-dom-turbopack_9212ccad._.js:1372:17)
    at parseModelString (http://localhost:3001/_next/static/chunks/node_modules_next_dist_compiled_react-server-dom-turbopack_9212ccad._.js:1602:50)
    at Array.<anonymous> (http://localhost:3001/_next/static/chunks/node_modules_next_dist_compiled_react-server-dom-turbopack_9212ccad._.js:2475:51)
    at JSON.parse (<anonymous>)
    at initializeModelChunk (http://localhost:3001/_next/static/chunks/node_modules_next_dist_compiled_react-server-dom-turbopack_9212ccad._.js:1053:30)
    at resolveConsoleEntry (http://localhost:3001/_next/static/chunks/node_modules_next_dist_compiled_react-server-dom-turbopack_9212ccad._.js:2008:96)
    at processFullStringRow (http://localhost:3001/_next/static/chunks/node_modules_next_dist_compiled_react-server-dom-turbopack_9212ccad._.js:2409:17)
    at processFullBinaryRow (http://localhost:3001/_next/static/chunks/node_modules_next_dist_compiled_react-server-dom-turbopack_9212ccad._.js:2349:9)
    at processBinaryChunk (http://localhost:3001/_next/static/chunks/node_modules_next_dist_compiled_react-server-dom-turbopack_9212ccad._.js:2459:98)
    at progress (http://localhost:3001/_next/static/chunks/node_modules_next_dist_compiled_react-server-dom-turbopack_9212ccad._.js:2628:13) Status: 403 @ http://localhost:3001/_next/static/chunks/node_modules_next_dist_7a8122d0._.js:3122
[    2085ms] [ERROR] Failed to load resource: the server responded with a status of 403 (Forbidden) @ http://localhost:3001/api/disciplinary-measures?limit=20&offset=0:0
[    2086ms] [ERROR] Failed to fetch disciplinary measures: s: [object Object]
    at http://localhost:3001/_next/static/chunks/node_modules_ac89ce71._.js:7409:61
    at async fetchDisciplinaryMeasures (http://localhost:3001/_next/static/chunks/_f1f43313._.js:2198:22) Status: 403 @ http://localhost:3001/_next/static/chunks/node_modules_next_dist_7a8122d0._.js:3122
[    4121ms] [ERROR] Failed to load resource: the server responded with a status of 403 (Forbidden) @ http://localhost:3001/api/disciplinary-measures?limit=20&offset=0:0
[    4122ms] [ERROR] Failed to fetch disciplinary measures: s: [object Object]
    at http://localhost:3001/_next/static/chunks/node_modules_ac89ce71._.js:7409:61
    at async fetchDisciplinaryMeasures (http://localhost:3001/_next/static/chunks/_f1f43313._.js:2198:22) Status: 403 @ http://localhost:3001/_next/static/chunks/node_modules_next_dist_7a8122d0._.js:3122
[    8148ms] [ERROR] Failed to load resource: the server responded with a status of 403 (Forbidden) @ http://localhost:3001/api/disciplinary-measures?limit=20&offset=0:0
[    8149ms] [ERROR] Failed to fetch disciplinary measures: s: [object Object]
    at http://localhost:3001/_next/static/chunks/node_modules_ac89ce71._.js:7409:61
    at async fetchDisciplinaryMeasures (http://localhost:3001/_next/static/chunks/_f1f43313._.js:2198:22) Status: 403 @ http://localhost:3001/_next/static/chunks/node_modules_next_dist_7a8122d0._.js:3122
